[2024-02-28 19:48:04,132: INFO: main: >>>>>> stage Data Ingestion stage started <<<<<<]
[2024-02-28 19:48:04,136: INFO: common: yaml file: config\config.yaml loaded successfully]
[2024-02-28 19:48:04,137: INFO: common: yaml file: params.yaml loaded successfully]
[2024-02-28 19:48:04,138: INFO: common: yaml file: schema.yaml loaded successfully]
[2024-02-28 19:48:04,139: INFO: common: created directory at: artifacts]
[2024-02-28 19:48:04,139: INFO: common: created directory at: artifacts/data_ingestion]
[2024-02-28 19:48:06,019: INFO: data_ingestion: artifacts/data_ingestion/data.zip download! with following info: 
Connection: close
Content-Length: 1578008
Cache-Control: max-age=300
Content-Security-Policy: default-src 'none'; style-src 'unsafe-inline'; sandbox
Content-Type: application/zip
ETag: "896ab66660dab4a8e45f946d34ab090956fb74d22ad98a8814207a0d89351ea0"
Strict-Transport-Security: max-age=31536000
X-Content-Type-Options: nosniff
X-Frame-Options: deny
X-XSS-Protection: 1; mode=block
X-GitHub-Request-Id: 1320:F6E2:2EDEB6:3976EA:65DF24AF
Accept-Ranges: bytes
Date: Wed, 28 Feb 2024 14:18:05 GMT
Via: 1.1 varnish
X-Served-By: cache-qpg1275-QPG
X-Cache: HIT
X-Cache-Hits: 1
X-Timer: S1709129885.176347,VS0,VE301
Vary: Authorization,Accept-Encoding,Origin
Access-Control-Allow-Origin: *
Cross-Origin-Resource-Policy: cross-origin
X-Fastly-Request-ID: 3cd20e919ee787ee27ade771567e5c7b549c1610
Expires: Wed, 28 Feb 2024 14:23:05 GMT
Source-Age: 0

]
[2024-02-28 19:48:06,054: INFO: main: >>>>>> stage Data Ingestion stage completed <<<<<<

x==========x]
[2024-02-28 19:48:06,055: INFO: main: >>>>>> stage Data Validation stage started <<<<<<]
[2024-02-28 19:48:06,058: INFO: common: yaml file: config\config.yaml loaded successfully]
[2024-02-28 19:48:06,059: INFO: common: yaml file: params.yaml loaded successfully]
[2024-02-28 19:48:06,061: INFO: common: yaml file: schema.yaml loaded successfully]
[2024-02-28 19:48:06,061: INFO: common: created directory at: artifacts]
[2024-02-28 19:48:06,062: INFO: common: created directory at: artifacts/data_validation]
[2024-02-28 19:48:06,188: INFO: main: >>>>>> stage Data Validation stage completed <<<<<<

x==========x]
[2024-02-28 19:48:06,189: INFO: main: >>>>>> stage Data Transformation stage started <<<<<<]
[2024-02-28 19:48:06,193: INFO: common: yaml file: config\config.yaml loaded successfully]
[2024-02-28 19:48:06,194: INFO: common: yaml file: params.yaml loaded successfully]
[2024-02-28 19:48:06,196: INFO: common: yaml file: schema.yaml loaded successfully]
[2024-02-28 19:48:06,196: INFO: common: created directory at: artifacts]
[2024-02-28 19:48:06,197: INFO: common: created directory at: artifacts/data_transformation]
[2024-02-28 19:48:06,817: INFO: data_transformation: Splited data into training and test sets]
[2024-02-28 19:48:06,818: INFO: data_transformation: (189000, 10)]
[2024-02-28 19:48:06,818: INFO: data_transformation: (63000, 10)]
[2024-02-28 19:48:06,822: INFO: main: >>>>>> stage Data Transformation stage completed <<<<<<

x==========x]
[2024-02-28 19:48:06,823: INFO: main: >>>>>> stage Model Trainer stage started <<<<<<]
[2024-02-28 19:48:06,827: INFO: common: yaml file: config\config.yaml loaded successfully]
[2024-02-28 19:48:06,828: INFO: common: yaml file: params.yaml loaded successfully]
[2024-02-28 19:48:06,830: INFO: common: yaml file: schema.yaml loaded successfully]
[2024-02-28 19:48:06,830: INFO: common: created directory at: artifacts]
[2024-02-28 19:48:06,831: INFO: common: created directory at: artifacts/model_trainer]
[2024-02-28 19:48:14,719: INFO: main: >>>>>> stage Model Trainer stage completed <<<<<<

x==========x]
